<?xml version="1.0" encoding="UTF-8"?>
<!-- Generated by org.testng.reporters.JUnitReportReporter -->
<testsuite hostname="TrangNguyen" failures="0" tests="1" name="automation.testsuite.Practice" time="11.566" errors="0" timestamp="2025-10-22T15:00:45 ICT" skipped="0">
  <testcase classname="automation.testsuite.Practice" name="tinhTongMang" time="11.566"/>
</testsuite> <!-- automation.testsuite.Practice -->
