<?xml version="1.0" encoding="UTF-8"?>
<!-- Generated by org.testng.reporters.JUnitReportReporter -->
<testsuite hostname="TrangNguyen" failures="0" tests="1" name="automation.testsuite.BTVN_day8" time="6.049" errors="0" timestamp="2025-10-25T15:32:56 ICT" skipped="0">
  <testcase classname="automation.testsuite.BTVN_day8" name="BTVN_day8_locator" time="6.049"/>
</testsuite> <!-- automation.testsuite.BTVN_day8 -->
