<?xml version="1.0" encoding="UTF-8"?>
<!-- Generated by org.testng.reporters.JUnitReportReporter -->
<testsuite hostname="TrangNguyen" failures="0" tests="1" name="automation.testsuite.Practice" time="9.659" errors="0" timestamp="2025-10-22T15:38:20 ICT" skipped="0">
  <testcase classname="automation.testsuite.Practice" name="nhapTenNhanVien" time="9.659"/>
</testsuite> <!-- automation.testsuite.Practice -->
