<?xml version="1.0" encoding="UTF-8"?>
<!-- Generated by org.testng.reporters.JUnitReportReporter -->
<testsuite hostname="TrangNguyen" failures="0" tests="1" name="automation.testsuite.BTVN2_day8" time="2.195" errors="0" timestamp="2025-10-25T16:53:16 ICT" skipped="0">
  <testcase classname="automation.testsuite.BTVN2_day8" name="BTVN2_day8_locator" time="2.195"/>
</testsuite> <!-- automation.testsuite.BTVN2_day8 -->
