<?xml version="1.0" encoding="UTF-8"?>
<!-- Generated by org.testng.reporters.JUnitReportReporter -->
<testsuite hostname="TrangNguyen" failures="0" tests="1" name="automation.testsuite.Day8_locator" time="17.259" errors="0" timestamp="2025-10-22T21:23:52 ICT" skipped="0">
  <testcase classname="automation.testsuite.Day8_locator" name="getElementClassName_TagName" time="17.259"/>
</testsuite> <!-- automation.testsuite.Day8_locator -->
